2022-05-02 10:06:23.597  INFO 10852 --- [restartedMain] kr.co.kmarket.KmarketApplication         : Starting KmarketApplication using Java 17.0.2 on DESKTOP-H1RHB6L with PID 10852 (C:\Users\bigdata\Desktop\Workspace\Spring\Kmarket\target\classes started by bigdata in C:\Users\bigdata\Desktop\Workspace\Spring\Kmarket)
2022-05-02 10:06:23.598  INFO 10852 --- [restartedMain] kr.co.kmarket.KmarketApplication         : No active profile set, falling back to 1 default profile: "default"
2022-05-02 10:06:23.633  INFO 10852 --- [restartedMain] .e.DevToolsPropertyDefaultsPostProcessor : Devtools property defaults active! Set 'spring.devtools.add-properties' to 'false' to disable
2022-05-02 10:06:23.633  INFO 10852 --- [restartedMain] .e.DevToolsPropertyDefaultsPostProcessor : For additional web related logging consider setting the 'logging.level.web' property to 'DEBUG'
2022-05-02 10:06:24.137  INFO 10852 --- [restartedMain] .s.d.r.c.RepositoryConfigurationDelegate : Bootstrapping Spring Data JPA repositories in DEFAULT mode.
2022-05-02 10:06:24.148  INFO 10852 --- [restartedMain] .s.d.r.c.RepositoryConfigurationDelegate : Finished Spring Data repository scanning in 5 ms. Found 0 JPA repository interfaces.
2022-05-02 10:06:24.232  WARN 10852 --- [restartedMain] o.m.s.mapper.ClassPathMapperScanner      : No MyBatis mapper was found in '[kr.co.kmarket]' package. Please check your configuration.
2022-05-02 10:06:24.623  INFO 10852 --- [restartedMain] o.s.b.w.embedded.tomcat.TomcatWebServer  : Tomcat initialized with port(s): 8080 (http)
2022-05-02 10:06:24.633  INFO 10852 --- [restartedMain] o.apache.catalina.core.StandardService   : Starting service [Tomcat]
2022-05-02 10:06:24.633  INFO 10852 --- [restartedMain] org.apache.catalina.core.StandardEngine  : Starting Servlet engine: [Apache Tomcat/9.0.62]
2022-05-02 10:06:24.697  INFO 10852 --- [restartedMain] o.a.c.c.C.[.[localhost].[/Kmarket]       : Initializing Spring embedded WebApplicationContext
2022-05-02 10:06:24.698  INFO 10852 --- [restartedMain] w.s.c.ServletWebServerApplicationContext : Root WebApplicationContext: initialization completed in 1065 ms
2022-05-02 10:06:24.848  INFO 10852 --- [restartedMain] o.hibernate.jpa.internal.util.LogHelper  : HHH000204: Processing PersistenceUnitInfo [name: default]
2022-05-02 10:06:24.902  INFO 10852 --- [restartedMain] org.hibernate.Version                    : HHH000412: Hibernate ORM core version 5.6.8.Final
2022-05-02 10:06:25.057  INFO 10852 --- [restartedMain] o.hibernate.annotations.common.Version   : HCANN000001: Hibernate Commons Annotations {5.1.2.Final}
2022-05-02 10:06:25.144  INFO 10852 --- [restartedMain] com.zaxxer.hikari.HikariDataSource       : HikariPool-1 - Starting...
2022-05-02 10:06:25.148  WARN 10852 --- [restartedMain] com.zaxxer.hikari.util.DriverDataSource  : Registered driver with driverClassName=com.mysql.jdbc.Driver was not found, trying direct instantiation.
2022-05-02 10:06:25.410  INFO 10852 --- [restartedMain] com.zaxxer.hikari.HikariDataSource       : HikariPool-1 - Start completed.
2022-05-02 10:06:25.424  INFO 10852 --- [restartedMain] org.hibernate.dialect.Dialect            : HHH000400: Using dialect: org.hibernate.dialect.MySQL5InnoDBDialect
2022-05-02 10:06:26.056  INFO 10852 --- [restartedMain] o.h.e.t.j.p.i.JtaPlatformInitiator       : HHH000490: Using JtaPlatform implementation: [org.hibernate.engine.transaction.jta.platform.internal.NoJtaPlatform]
2022-05-02 10:06:26.063  INFO 10852 --- [restartedMain] j.LocalContainerEntityManagerFactoryBean : Initialized JPA EntityManagerFactory for persistence unit 'default'
2022-05-02 10:06:26.098  WARN 10852 --- [restartedMain] JpaBaseConfiguration$JpaWebConfiguration : spring.jpa.open-in-view is enabled by default. Therefore, database queries may be performed during view rendering. Explicitly configure spring.jpa.open-in-view to disable this warning
2022-05-02 10:06:26.245  INFO 10852 --- [restartedMain] o.s.b.a.w.s.WelcomePageHandlerMapping    : Adding welcome page template: index
2022-05-02 10:06:26.436  INFO 10852 --- [restartedMain] o.s.b.d.a.OptionalLiveReloadServer       : LiveReload server is running on port 35729
2022-05-02 10:06:26.469  INFO 10852 --- [restartedMain] o.s.b.w.embedded.tomcat.TomcatWebServer  : Tomcat started on port(s): 8080 (http) with context path '/Kmarket'
2022-05-02 10:06:26.476  INFO 10852 --- [restartedMain] kr.co.kmarket.KmarketApplication         : Started KmarketApplication in 3.177 seconds (JVM running for 3.799)
2022-05-02 10:06:42.929  INFO 10852 --- [http-nio-8080-exec-2] o.a.c.c.C.[.[localhost].[/Kmarket]       : Initializing Spring DispatcherServlet 'dispatcherServlet'
